<?xml version="1.0" encoding="UTF-8"?>
<testng-results skipped="0" failed="0" ignored="0" total="1" passed="1">
  <reporter-output>
  </reporter-output>
  <suite name="Default suite" duration-ms="6741" started-at="2017-10-07T07:50:59Z" finished-at="2017-10-07T07:51:06Z">
    <groups>
    </groups>
    <test name="Default test" duration-ms="6741" started-at="2017-10-07T07:50:59Z" finished-at="2017-10-07T07:51:06Z">
      <class name="bankprojusingtestng.Parameter">
        <test-method status="PASS" signature="login(java.lang.String, java.lang.String)[pri:0, instance:bankprojusingtestng.Parameter@1efbd816]" name="login" duration-ms="6724" started-at="2017-10-07T13:20:59Z" finished-at="2017-10-07T13:21:06Z">
          <params>
            <param index="0">
              <value>
                <![CDATA[mngr98518]]>
              </value>
            </param>
            <param index="1">
              <value>
                <![CDATA[jagUjAg]]>
              </value>
            </param>
          </params>
          <reporter-output>
          </reporter-output>
        </test-method> <!-- login -->
      </class> <!-- bankprojusingtestng.Parameter -->
    </test> <!-- Default test -->
  </suite> <!-- Default suite -->
</testng-results>
